Analysis & Synthesis report for Keys
Thu May  2 07:26:40 2024
Quartus Prime Version 21.1.0 Build 842 10/21/2021 SJ Lite Edition


---------------------
; Table of Contents ;
---------------------
  1. Legal Notice
  2. Analysis & Synthesis Summary
  3. Analysis & Synthesis Settings
  4. Parallel Compilation
  5. Analysis & Synthesis Source Files Read
  6. Analysis & Synthesis Resource Usage Summary
  7. Analysis & Synthesis Resource Utilization by Entity
  8. General Register Statistics
  9. Inverted Register Statistics
 10. Post-Synthesis Netlist Statistics for Top Partition
 11. Elapsed Time Per Partition
 12. Analysis & Synthesis Messages



----------------
; Legal Notice ;
----------------
Copyright (C) 2021  Intel Corporation. All rights reserved.
Your use of Intel Corporation's design tools, logic functions 
and other software and tools, and any partner logic 
functions, and any output files from any of the foregoing 
(including device programming or simulation files), and any 
associated documentation or information are expressly subject 
to the terms and conditions of the Intel Program License 
Subscription Agreement, the Intel Quartus Prime License Agreement,
the Intel FPGA IP License Agreement, or other applicable license
agreement, including, without limitation, that your use is for
the sole purpose of programming logic devices manufactured by
Intel and sold by Intel or its authorized distributors.  Please
refer to the applicable agreement for further details, at
https://fpgasoftware.intel.com/eula.



+----------------------------------------------------------------------------------+
; Analysis & Synthesis Summary                                                     ;
+------------------------------------+---------------------------------------------+
; Analysis & Synthesis Status        ; Successful - Thu May  2 07:26:40 2024       ;
; Quartus Prime Version              ; 21.1.0 Build 842 10/21/2021 SJ Lite Edition ;
; Revision Name                      ; Keys                                        ;
; Top-level Entity Name              ; Top                                         ;
; Family                             ; MAX 10                                      ;
; Total logic elements               ; 3,295                                       ;
;     Total combinational functions  ; 2,665                                       ;
;     Dedicated logic registers      ; 1,569                                       ;
; Total registers                    ; 1569                                        ;
; Total pins                         ; 136                                         ;
; Total virtual pins                 ; 0                                           ;
; Total memory bits                  ; 0                                           ;
; Embedded Multiplier 9-bit elements ; 0                                           ;
; Total PLLs                         ; 0                                           ;
; UFM blocks                         ; 0                                           ;
; ADC blocks                         ; 0                                           ;
+------------------------------------+---------------------------------------------+


+------------------------------------------------------------------------------------------------------------+
; Analysis & Synthesis Settings                                                                              ;
+------------------------------------------------------------------+--------------------+--------------------+
; Option                                                           ; Setting            ; Default Value      ;
+------------------------------------------------------------------+--------------------+--------------------+
; Device                                                           ; 10M50DAF484C7G     ;                    ;
; Top-level entity name                                            ; Top                ; Keys               ;
; Family name                                                      ; MAX 10             ; Cyclone V          ;
; Use smart compilation                                            ; Off                ; Off                ;
; Enable parallel Assembler and Timing Analyzer during compilation ; On                 ; On                 ;
; Enable compact report table                                      ; Off                ; Off                ;
; Restructure Multiplexers                                         ; Auto               ; Auto               ;
; Create Debugging Nodes for IP Cores                              ; Off                ; Off                ;
; Preserve fewer node names                                        ; On                 ; On                 ;
; Intel FPGA IP Evaluation Mode                                    ; Enable             ; Enable             ;
; Verilog Version                                                  ; Verilog_2001       ; Verilog_2001       ;
; VHDL Version                                                     ; VHDL_1993          ; VHDL_1993          ;
; State Machine Processing                                         ; Auto               ; Auto               ;
; Safe State Machine                                               ; Off                ; Off                ;
; Extract Verilog State Machines                                   ; On                 ; On                 ;
; Extract VHDL State Machines                                      ; On                 ; On                 ;
; Ignore Verilog initial constructs                                ; Off                ; Off                ;
; Iteration limit for constant Verilog loops                       ; 5000               ; 5000               ;
; Iteration limit for non-constant Verilog loops                   ; 250                ; 250                ;
; Add Pass-Through Logic to Inferred RAMs                          ; On                 ; On                 ;
; Infer RAMs from Raw Logic                                        ; On                 ; On                 ;
; Parallel Synthesis                                               ; On                 ; On                 ;
; DSP Block Balancing                                              ; Auto               ; Auto               ;
; NOT Gate Push-Back                                               ; On                 ; On                 ;
; Power-Up Don't Care                                              ; On                 ; On                 ;
; Remove Redundant Logic Cells                                     ; Off                ; Off                ;
; Remove Duplicate Registers                                       ; On                 ; On                 ;
; Ignore CARRY Buffers                                             ; Off                ; Off                ;
; Ignore CASCADE Buffers                                           ; Off                ; Off                ;
; Ignore GLOBAL Buffers                                            ; Off                ; Off                ;
; Ignore ROW GLOBAL Buffers                                        ; Off                ; Off                ;
; Ignore LCELL Buffers                                             ; Off                ; Off                ;
; Ignore SOFT Buffers                                              ; On                 ; On                 ;
; Limit AHDL Integers to 32 Bits                                   ; Off                ; Off                ;
; Optimization Technique                                           ; Balanced           ; Balanced           ;
; Carry Chain Length                                               ; 70                 ; 70                 ;
; Auto Carry Chains                                                ; On                 ; On                 ;
; Auto Open-Drain Pins                                             ; On                 ; On                 ;
; Perform WYSIWYG Primitive Resynthesis                            ; Off                ; Off                ;
; Auto ROM Replacement                                             ; On                 ; On                 ;
; Auto RAM Replacement                                             ; On                 ; On                 ;
; Auto DSP Block Replacement                                       ; On                 ; On                 ;
; Auto Shift Register Replacement                                  ; Auto               ; Auto               ;
; Allow Shift Register Merging across Hierarchies                  ; Auto               ; Auto               ;
; Auto Clock Enable Replacement                                    ; On                 ; On                 ;
; Strict RAM Replacement                                           ; Off                ; Off                ;
; Allow Synchronous Control Signals                                ; On                 ; On                 ;
; Force Use of Synchronous Clear Signals                           ; Off                ; Off                ;
; Auto RAM Block Balancing                                         ; On                 ; On                 ;
; Auto RAM to Logic Cell Conversion                                ; Off                ; Off                ;
; Auto Resource Sharing                                            ; Off                ; Off                ;
; Allow Any RAM Size For Recognition                               ; Off                ; Off                ;
; Allow Any ROM Size For Recognition                               ; Off                ; Off                ;
; Allow Any Shift Register Size For Recognition                    ; Off                ; Off                ;
; Use LogicLock Constraints during Resource Balancing              ; On                 ; On                 ;
; Ignore translate_off and synthesis_off directives                ; Off                ; Off                ;
; Timing-Driven Synthesis                                          ; On                 ; On                 ;
; Report Parameter Settings                                        ; On                 ; On                 ;
; Report Source Assignments                                        ; On                 ; On                 ;
; Report Connectivity Checks                                       ; On                 ; On                 ;
; Ignore Maximum Fan-Out Assignments                               ; Off                ; Off                ;
; Synchronization Register Chain Length                            ; 2                  ; 2                  ;
; Power Optimization During Synthesis                              ; Normal compilation ; Normal compilation ;
; HDL message level                                                ; Level2             ; Level2             ;
; Suppress Register Optimization Related Messages                  ; Off                ; Off                ;
; Number of Removed Registers Reported in Synthesis Report         ; 5000               ; 5000               ;
; Number of Swept Nodes Reported in Synthesis Report               ; 5000               ; 5000               ;
; Number of Inverted Registers Reported in Synthesis Report        ; 100                ; 100                ;
; Clock MUX Protection                                             ; On                 ; On                 ;
; Auto Gated Clock Conversion                                      ; Off                ; Off                ;
; Block Design Naming                                              ; Auto               ; Auto               ;
; SDC constraint protection                                        ; Off                ; Off                ;
; Synthesis Effort                                                 ; Auto               ; Auto               ;
; Shift Register Replacement - Allow Asynchronous Clear Signal     ; On                 ; On                 ;
; Pre-Mapping Resynthesis Optimization                             ; Off                ; Off                ;
; Analysis & Synthesis Message Level                               ; Medium             ; Medium             ;
; Disable Register Merging Across Hierarchies                      ; Auto               ; Auto               ;
; Resource Aware Inference For Block RAM                           ; On                 ; On                 ;
+------------------------------------------------------------------+--------------------+--------------------+


+------------------------------------------+
; Parallel Compilation                     ;
+----------------------------+-------------+
; Processors                 ; Number      ;
+----------------------------+-------------+
; Number detected on machine ; 4           ;
; Maximum allowed            ; 2           ;
;                            ;             ;
; Average used               ; 1.00        ;
; Maximum used               ; 2           ;
;                            ;             ;
; Usage by Processor         ; % Time Used ;
;     Processor 1            ; 100.0%      ;
;     Processor 2            ;   0.1%      ;
+----------------------------+-------------+


+-------------------------------------------------------------------------------------------------------------------+
; Analysis & Synthesis Source Files Read                                                                            ;
+----------------------------------+-----------------+-----------------+----------------------------------+---------+
; File Name with User-Entered Path ; Used in Netlist ; File Type       ; File Name with Absolute Path     ; Library ;
+----------------------------------+-----------------+-----------------+----------------------------------+---------+
; Top.vhd                          ; yes             ; User VHDL File  ; C:/ProyQuartus/Keys/Keys/Top.vhd ;         ;
+----------------------------------+-----------------+-----------------+----------------------------------+---------+


+---------------------------------------------------------+
; Analysis & Synthesis Resource Usage Summary             ;
+---------------------------------------------+-----------+
; Resource                                    ; Usage     ;
+---------------------------------------------+-----------+
; Estimated Total logic elements              ; 3,295     ;
;                                             ;           ;
; Total combinational functions               ; 2665      ;
; Logic element usage by number of LUT inputs ;           ;
;     -- 4 input functions                    ; 1680      ;
;     -- 3 input functions                    ; 198       ;
;     -- <=2 input functions                  ; 787       ;
;                                             ;           ;
; Logic elements by mode                      ;           ;
;     -- normal mode                          ; 2635      ;
;     -- arithmetic mode                      ; 30        ;
;                                             ;           ;
; Total registers                             ; 1569      ;
;     -- Dedicated logic registers            ; 1569      ;
;     -- I/O registers                        ; 0         ;
;                                             ;           ;
; I/O pins                                    ; 136       ;
;                                             ;           ;
; Embedded Multiplier 9-bit elements          ; 0         ;
;                                             ;           ;
; Maximum fan-out node                        ; Clk~input ;
; Maximum fan-out                             ; 1569      ;
; Total fan-out                               ; 13366     ;
; Average fan-out                             ; 2.97      ;
+---------------------------------------------+-----------+


+------------------------------------------------------------------------------------------------------------------------------------------------------------------------------------------------------------------------------------+
; Analysis & Synthesis Resource Utilization by Entity                                                                                                                                                                                ;
+----------------------------+---------------------+---------------------------+-------------+------------+--------------+---------+-----------+------+--------------+------------+---------------------+-------------+--------------+
; Compilation Hierarchy Node ; Combinational ALUTs ; Dedicated Logic Registers ; Memory Bits ; UFM Blocks ; DSP Elements ; DSP 9x9 ; DSP 18x18 ; Pins ; Virtual Pins ; ADC blocks ; Full Hierarchy Name ; Entity Name ; Library Name ;
+----------------------------+---------------------+---------------------------+-------------+------------+--------------+---------+-----------+------+--------------+------------+---------------------+-------------+--------------+
; |Top                       ; 2665 (2665)         ; 1569 (1569)               ; 0           ; 0          ; 0            ; 0       ; 0         ; 136  ; 0            ; 0          ; |Top                ; Top         ; work         ;
+----------------------------+---------------------+---------------------------+-------------+------------+--------------+---------+-----------+------+--------------+------------+---------------------+-------------+--------------+
Note: For table entries with two numbers listed, the numbers in parentheses indicate the number of resources of the given type used by the specific entity alone. The numbers listed outside of parentheses indicate the total resources of the given type used by the specific entity and all of its sub-entities in the hierarchy.


+------------------------------------------------------+
; General Register Statistics                          ;
+----------------------------------------------+-------+
; Statistic                                    ; Value ;
+----------------------------------------------+-------+
; Total registers                              ; 1569  ;
; Number of registers using Synchronous Clear  ; 0     ;
; Number of registers using Synchronous Load   ; 128   ;
; Number of registers using Asynchronous Clear ; 0     ;
; Number of registers using Asynchronous Load  ; 0     ;
; Number of registers using Clock Enable       ; 1537  ;
; Number of registers using Preset             ; 0     ;
+----------------------------------------------+-------+


+---------------------------------------------------+
; Inverted Register Statistics                      ;
+-----------------------------------------+---------+
; Inverted Register                       ; Fan out ;
+-----------------------------------------+---------+
; CypherKeyIn[2]                          ; 97      ;
; CypherKeyIn[3]                          ; 95      ;
; CypherKeyIn[4]                          ; 89      ;
; CypherKeyIn[5]                          ; 87      ;
; CypherKeyIn[8]                          ; 92      ;
; CypherKeyIn[9]                          ; 118     ;
; CypherKeyIn[10]                         ; 97      ;
; CypherKeyIn[11]                         ; 95      ;
; CypherKeyIn[14]                         ; 90      ;
; CypherKeyIn[16]                         ; 92      ;
; CypherKeyIn[17]                         ; 118     ;
; CypherKeyIn[18]                         ; 97      ;
; CypherKeyIn[19]                         ; 95      ;
; CypherKeyIn[22]                         ; 90      ;
; CypherKeyIn[23]                         ; 58      ;
; CypherKeyIn[24]                         ; 92      ;
; CypherKeyIn[27]                         ; 95      ;
; CypherKeyIn[35]                         ; 12      ;
; CypherKeyIn[39]                         ; 12      ;
; CypherKeyIn[40]                         ; 13      ;
; CypherKeyIn[42]                         ; 12      ;
; CypherKeyIn[44]                         ; 13      ;
; CypherKeyIn[48]                         ; 12      ;
; CypherKeyIn[49]                         ; 13      ;
; CypherKeyIn[50]                         ; 13      ;
; CypherKeyIn[52]                         ; 12      ;
; CypherKeyIn[53]                         ; 13      ;
; CypherKeyIn[54]                         ; 13      ;
; CypherKeyIn[55]                         ; 12      ;
; CypherKeyIn[56]                         ; 12      ;
; CypherKeyIn[57]                         ; 13      ;
; CypherKeyIn[59]                         ; 13      ;
; CypherKeyIn[61]                         ; 13      ;
; CypherKeyIn[63]                         ; 13      ;
; CypherKeyIn[65]                         ; 13      ;
; CypherKeyIn[66]                         ; 14      ;
; CypherKeyIn[69]                         ; 14      ;
; CypherKeyIn[71]                         ; 13      ;
; CypherKeyIn[73]                         ; 14      ;
; CypherKeyIn[76]                         ; 14      ;
; CypherKeyIn[78]                         ; 13      ;
; CypherKeyIn[79]                         ; 13      ;
; CypherKeyIn[81]                         ; 14      ;
; CypherKeyIn[82]                         ; 14      ;
; CypherKeyIn[83]                         ; 13      ;
; CypherKeyIn[85]                         ; 14      ;
; CypherKeyIn[87]                         ; 13      ;
; CypherKeyIn[91]                         ; 12      ;
; CypherKeyIn[93]                         ; 14      ;
; CypherKeyIn[97]                         ; 14      ;
; CypherKeyIn[98]                         ; 15      ;
; CypherKeyIn[100]                        ; 15      ;
; CypherKeyIn[104]                        ; 15      ;
; CypherKeyIn[106]                        ; 14      ;
; CypherKeyIn[108]                        ; 15      ;
; CypherKeyIn[113]                        ; 15      ;
; CypherKeyIn[114]                        ; 15      ;
; CypherKeyIn[115]                        ; 14      ;
; CypherKeyIn[116]                        ; 14      ;
; CypherKeyIn[117]                        ; 15      ;
; CypherKeyIn[118]                        ; 15      ;
; CypherKeyIn[120]                        ; 12      ;
; CypherKeyIn[121]                        ; 14      ;
; CypherKeyIn[123]                        ; 13      ;
; CypherKeyIn[125]                        ; 15      ;
; Total number of inverted registers = 65 ;         ;
+-----------------------------------------+---------+


+-----------------------------------------------------+
; Post-Synthesis Netlist Statistics for Top Partition ;
+-----------------------+-----------------------------+
; Type                  ; Count                       ;
+-----------------------+-----------------------------+
; boundary_port         ; 136                         ;
; cycloneiii_ff         ; 1569                        ;
;     ENA               ; 1409                        ;
;     ENA SLD           ; 128                         ;
;     plain             ; 32                          ;
; cycloneiii_lcell_comb ; 2665                        ;
;     arith             ; 30                          ;
;         2 data inputs ; 29                          ;
;         3 data inputs ; 1                           ;
;     normal            ; 2635                        ;
;         1 data inputs ; 718                         ;
;         2 data inputs ; 40                          ;
;         3 data inputs ; 197                         ;
;         4 data inputs ; 1680                        ;
;                       ;                             ;
; Max LUT depth         ; 7.00                        ;
; Average LUT depth     ; 3.36                        ;
+-----------------------+-----------------------------+


+-------------------------------+
; Elapsed Time Per Partition    ;
+----------------+--------------+
; Partition Name ; Elapsed Time ;
+----------------+--------------+
; Top            ; 00:00:24     ;
+----------------+--------------+


+-------------------------------+
; Analysis & Synthesis Messages ;
+-------------------------------+
Info: *******************************************************************
Info: Running Quartus Prime Analysis & Synthesis
    Info: Version 21.1.0 Build 842 10/21/2021 SJ Lite Edition
    Info: Processing started: Thu May  2 07:25:53 2024
Info: Command: quartus_map --read_settings_files=on --write_settings_files=off Keys -c Keys
Warning (18236): Number of processors has not been specified which may cause overloading on shared machines.  Set the global assignment NUM_PARALLEL_PROCESSORS in your QSF to an appropriate value for best performance.
Info (20030): Parallel compilation is enabled and will use 2 of the 2 processors detected
Info (12021): Found 2 design units, including 1 entities, in source file top.vhd
    Info (12022): Found design unit 1: Top-Behavioral File: C:/ProyQuartus/Keys/Keys/Top.vhd Line: 40
    Info (12023): Found entity 1: Top File: C:/ProyQuartus/Keys/Keys/Top.vhd Line: 24
Info (12021): Found 2 design units, including 1 entities, in source file top_tb.vhd
    Info (12022): Found design unit 1: Top_tb-tb_architecture File: C:/ProyQuartus/Keys/Keys/Top_tb.vhd Line: 27
    Info (12023): Found entity 1: Top_tb File: C:/ProyQuartus/Keys/Keys/Top_tb.vhd Line: 23
Info (12021): Found 2 design units, including 1 entities, in source file modules/subbytes/subbytes.vhd
    Info (12022): Found design unit 1: SubBytes-Behavioral File: C:/ProyQuartus/Keys/Keys/Modules/SubBytes/SubBytes.vhd Line: 34
    Info (12023): Found entity 1: SubBytes File: C:/ProyQuartus/Keys/Keys/Modules/SubBytes/SubBytes.vhd Line: 21
Info (12021): Found 2 design units, including 1 entities, in source file modules/subbytes/subbytes_tb.vhd
    Info (12022): Found design unit 1: SubBytes_tb-SubBytes_tb_Arch File: C:/ProyQuartus/Keys/Keys/Modules/SubBytes/SubBytes_tb.vhd Line: 26
    Info (12023): Found entity 1: SubBytes_tb File: C:/ProyQuartus/Keys/Keys/Modules/SubBytes/SubBytes_tb.vhd Line: 22
Info (12021): Found 2 design units, including 1 entities, in source file modules/rotword/rotword.vhd
    Info (12022): Found design unit 1: RotWord-behaveRot File: C:/ProyQuartus/Keys/Keys/Modules/RotWord/RotWord.vhd Line: 32
    Info (12023): Found entity 1: RotWord File: C:/ProyQuartus/Keys/Keys/Modules/RotWord/RotWord.vhd Line: 24
Info (12021): Found 2 design units, including 1 entities, in source file modules/rotword/rotword_tb.vhd
    Info (12022): Found design unit 1: rotWord_tb-rotWord_ARCH_tb File: C:/ProyQuartus/Keys/Keys/Modules/RotWord/RotWord_tb.vhd Line: 29
    Info (12023): Found entity 1: rotWord_tb File: C:/ProyQuartus/Keys/Keys/Modules/RotWord/RotWord_tb.vhd Line: 25
Info (12021): Found 2 design units, including 1 entities, in source file modules/xor/xormodule.vhd
    Info (12022): Found design unit 1: XorModule-Behavioral File: C:/ProyQuartus/Keys/Keys/Modules/Xor/XorModule.vhd Line: 30
    Info (12023): Found entity 1: XorModule File: C:/ProyQuartus/Keys/Keys/Modules/Xor/XorModule.vhd Line: 21
Info (12021): Found 2 design units, including 1 entities, in source file modules/xor/xormodule_tb.vhd
    Info (12022): Found design unit 1: XorModule_tb-XorModule_tb_Arch File: C:/ProyQuartus/Keys/Keys/Modules/Xor/XorModule_tb.vhd Line: 24
    Info (12023): Found entity 1: XorModule_tb File: C:/ProyQuartus/Keys/Keys/Modules/Xor/XorModule_tb.vhd Line: 21
Info (12021): Found 2 design units, including 1 entities, in source file modules/ram/ram.vhd
    Info (12022): Found design unit 1: RAM-RAM_ARCH File: C:/ProyQuartus/Keys/Keys/Modules/RAM/RAM.vhd Line: 31
    Info (12023): Found entity 1: RAM File: C:/ProyQuartus/Keys/Keys/Modules/RAM/RAM.vhd Line: 18
Info (12021): Found 2 design units, including 1 entities, in source file modules/ram/ram_tb.vhd
    Info (12022): Found design unit 1: RAM_tb-tb_architecture File: C:/ProyQuartus/Keys/Keys/Modules/RAM/RAM_tb.vhd Line: 26
    Info (12023): Found entity 1: RAM_tb File: C:/ProyQuartus/Keys/Keys/Modules/RAM/RAM_tb.vhd Line: 22
Info (12127): Elaborating entity "Top" for the top level hierarchy
Warning (10036): Verilog HDL or VHDL warning at Top.vhd(43): object "kk" assigned a value but never read File: C:/ProyQuartus/Keys/Keys/Top.vhd Line: 43
Warning (10036): Verilog HDL or VHDL warning at Top.vhd(45): object "KEY_AUX" assigned a value but never read File: C:/ProyQuartus/Keys/Keys/Top.vhd Line: 45
Info (276014): Found 1 instances of uninferred RAM logic
    Info (276007): RAM logic "memory" is uninferred due to asynchronous read logic File: C:/ProyQuartus/Keys/Keys/Top.vhd Line: 85
Info (286030): Timing-Driven Synthesis is running
Info (16010): Generating hard_block partition "hard_block:auto_generated_inst"
    Info (16011): Adding 0 node(s), including 0 DDIO, 0 PLL, 0 transceiver and 0 LCELL
Info (21057): Implemented 3449 device resources after synthesis - the final resource count might be different
    Info (21058): Implemented 7 input pins
    Info (21059): Implemented 129 output pins
    Info (21061): Implemented 3313 logic cells
Info: Quartus Prime Analysis & Synthesis was successful. 0 errors, 3 warnings
    Info: Peak virtual memory: 4813 megabytes
    Info: Processing ended: Thu May  2 07:26:40 2024
    Info: Elapsed time: 00:00:47
    Info: Total CPU time (on all processors): 00:01:08


